\BOOKMARK [0][-]{part.1}{I Matrice????}{}% 1
\BOOKMARK [1][-]{section.1}{D\351finitions}{part.1}% 2
\BOOKMARK [2][-]{subsection.1.1}{D\351finition d'une matrice}{section.1}% 3
\BOOKMARK [2][-]{subsection.1.2}{structures d'espaces vectoriel}{section.1}% 4
\BOOKMARK [2][-]{subsection.1.3}{Matrices et applications lin\351aires}{section.1}% 5
\BOOKMARK [1][-]{section.2}{Produit matriciel}{part.1}% 6
\BOOKMARK [2][-]{subsection.2.1}{Definition et premi\350res propri\351t\351s}{section.2}% 7
\BOOKMARK [2][-]{subsection.2.2}{Matrice carr\351es}{section.2}% 8
\BOOKMARK [2][-]{subsection.2.3}{Transpos\351e d'une matrice}{section.2}% 9
\BOOKMARK [1][-]{section.3}{Changements de bases}{part.1}% 10
\BOOKMARK [2][-]{subsection.3.1}{Matrices de passage entre deux bases}{section.3}% 11
\BOOKMARK [2][-]{subsection.3.2}{Changement de base pour une application lin\351aire}{section.3}% 12
\BOOKMARK [2][-]{subsection.3.3}{Matrices \351quivalentes et matrices semblables}{section.3}% 13
\BOOKMARK [1][-]{section.4}{Trace d'une matrice, d'un endomorphisme}{part.1}% 14
\BOOKMARK [2][-]{subsection.4.1}{Trace d'un endomorphisme}{section.4}% 15
\BOOKMARK [1][-]{section.5}{Noyaux, image, rang d'une matrice}{part.1}% 16
\BOOKMARK [2][-]{subsection.5.1}{Application lin\351aire canoniquement assoc\351e \340 une matrice}{section.5}% 17
\BOOKMARK [2][-]{subsection.5.2}{Rang d'une matrice}{section.5}% 18
\BOOKMARK [2][-]{subsection.5.3}{Rang de matrices extraites}{section.5}% 19
\BOOKMARK [1][-]{section.6}{Op\351rations \351l\351mentaires et syst\350mes lin\351aires}{part.1}% 20
\BOOKMARK [2][-]{subsection.6.1}{Op\351ration \351l\351mentaire sur un matrice}{section.6}% 21
